[debug] > Exec(early(addDefaultCommands), None, None)
[debug] > Exec(addDefaultCommands, None, None)
[debug] > Exec(early(initialize), None, None)
[debug] > Exec(initialize, None, None)
[debug] > Exec(boot, None, None)
[debug] > Exec(writeSbtVersion, None, None)
[warn] No sbt.version set in project/build.properties, base directory: C:\Users\jfer0043\Downloads\fit2099\project
[debug] > Exec(reload, None, None)
[debug] > Exec(sbtStashOnFailure, None, None)
[debug] > Exec(onFailure loadFailed, None, None)
[debug] > Exec(loadp, None, None)
[info] welcome to sbt 1.4.3 (Microsoft Java 11.0.16.1)
[debug] Load.defaultLoad until apply took 173.5929ms
[debug]     Load.loadUnit: plugins took 57.8098ms
[debug]     Load.loadUnit: defsScala took 0.2499ms
[debug] [Loading] Scanning directory C:\Users\jfer0043\Downloads\fit2099\project
[debug] [Loading] Found non-root projects 
[debug] [Loading] Done in C:\Users\jfer0043\Downloads\fit2099\project, returning: ()
[debug] deducing auto plugins based on known facts Set(Atom(sbt.plugins.CorePlugin)) and clauses Clauses(List(Clause(Atom(sbt.plugins.JvmPlugin),Set(Atom(sbt.plugins.IvyPlugin))), Clause(Atom(sbt.ScriptedPlugin),Set(Atom(sbt.plugins.JvmPlugin))), Clause(Atom(sbt.plugins.SbtPlugin),Set(Atom(sbt.ScriptedPlugin))), Clause(Atom(sbt.plugins.SemanticdbPlugin),Set(Atom(sbt.plugins.JvmPlugin))), Clause(Atom(sbt.plugins.JUnitXmlReportPlugin),Set(Atom(sbt.plugins.JvmPlugin))), Clause(Atom(sbt.plugins.MiniDependencyTreePlugin),Set(Atom(sbt.plugins.JvmPlugin))), Clause(Atom(sbt.plugins.CorePlugin),Set(Atom(sbt.plugins.IvyPlugin))), Clause(Atom(sbt.plugins.IvyPlugin),Set(Atom(sbt.plugins.JvmPlugin))), Clause(Atom(sbt.plugins.JvmPlugin),Set(Atom(sbt.plugins.SemanticdbPlugin))), Clause(Atom(sbt.plugins.JvmPlugin),Set(Atom(sbt.plugins.JUnitXmlReportPlugin))), Clause(Atom(sbt.plugins.CorePlugin),Set(Atom(sbt.plugins.Giter8TemplatePlugin))), Clause(Atom(sbt.plugins.JvmPlugin),Set(Atom(sbt.plugins.MiniDependencyTreePlugin)))))
[debug]   :: deduced result: Matched(sbt.plugins.CorePlugin,sbt.plugins.Giter8TemplatePlugin,sbt.plugins.IvyPlugin,sbt.plugins.JvmPlugin,sbt.plugins.MiniDependencyTreePlugin,sbt.plugins.JUnitXmlReportPlugin,sbt.plugins.SemanticdbPlugin)
[debug] Plugins.deducer#function took 12.6118 ms
[debug]         Load.resolveProject(project) took 31.505ms
[debug]       Load.loadTransitive: finalizeProject(Project(id project, base: C:\Users\jfer0043\Downloads\fit2099\project, plugins: List(<none>))) took 63.8203ms
[debug] [Loading] Done in C:\Users\jfer0043\Downloads\fit2099\project, returning: (project)
[debug]     Load.loadUnit: loadedProjectsRaw took 77.2023ms
[debug]     Load.loadUnit: cleanEvalClasses took 0.1325ms
[debug]   Load.loadUnit(file:/C:/Users/jfer0043/Downloads/fit2099/project/, ...) took 139.114ms
[debug] Load.apply: load took 229.3584ms
[debug] Load.apply: resolveProjects took 3.8151ms
[debug] Load.apply: finalTransforms took 34.8882ms
[debug] Load.apply: config.delegates took 6.2404ms
[debug] Load.apply: Def.make(settings)... took 1553.7171ms
[debug] Load.apply: structureIndex took 61.7134ms
[debug] Load.apply: mkStreams took 1.4458ms
[info] set current project to project (in build file:/C:/Users/jfer0043/Downloads/fit2099/project/)
[debug] > Exec(sbtPopOnFailure, None, None)
[debug] > Exec(resumeFromFailure, None, None)
[debug] > Exec(notifyUsersAboutShell, None, None)
[debug] > Exec(iflast shell, None, None)
[debug] > Exec(shell, None, None)
[info] sbt server started at local:sbt-server-8c0624ff734b782e89a8
[info] started sbt server
