[debug] > Exec(early(addDefaultCommands), None, None)
[debug] > Exec(addDefaultCommands, None, None)
[debug] > Exec(early(initialize), None, None)
[debug] > Exec(initialize, None, None)
[debug] > Exec(boot, None, None)
[debug] > Exec(writeSbtVersion, None, None)
[warn] No sbt.version set in project/build.properties, base directory: C:\Users\jfer0043\Downloads\fit2099\project
[debug] > Exec(reload, None, None)
[debug] > Exec(sbtStashOnFailure, None, None)
[debug] > Exec(onFailure loadFailed, None, None)
[debug] > Exec(loadp, None, None)
[info] welcome to sbt 1.4.3 (Microsoft Java 11.0.16.1)
[debug] Load.defaultLoad until apply took 316.9713ms
[debug]     Load.loadUnit: plugins took 82.2356ms
[debug]     Load.loadUnit: defsScala took 0.1532ms
[debug] [Loading] Scanning directory C:\Users\jfer0043\Downloads\fit2099\project
[debug] [Loading] Found non-root projects 
[debug] [Loading] Done in C:\Users\jfer0043\Downloads\fit2099\project, returning: ()
[debug] deducing auto plugins based on known facts Set(Atom(sbt.plugins.CorePlugin)) and clauses Clauses(List(Clause(Atom(sbt.plugins.JvmPlugin),Set(Atom(sbt.plugins.IvyPlugin))), Clause(Atom(sbt.ScriptedPlugin),Set(Atom(sbt.plugins.JvmPlugin))), Clause(Atom(sbt.plugins.SbtPlugin),Set(Atom(sbt.ScriptedPlugin))), Clause(Atom(sbt.plugins.SemanticdbPlugin),Set(Atom(sbt.plugins.JvmPlugin))), Clause(Atom(sbt.plugins.JUnitXmlReportPlugin),Set(Atom(sbt.plugins.JvmPlugin))), Clause(Atom(sbt.plugins.MiniDependencyTreePlugin),Set(Atom(sbt.plugins.JvmPlugin))), Clause(Atom(sbt.plugins.CorePlugin),Set(Atom(sbt.plugins.IvyPlugin))), Clause(Atom(sbt.plugins.IvyPlugin),Set(Atom(sbt.plugins.JvmPlugin))), Clause(Atom(sbt.plugins.JvmPlugin),Set(Atom(sbt.plugins.SemanticdbPlugin))), Clause(Atom(sbt.plugins.JvmPlugin),Set(Atom(sbt.plugins.JUnitXmlReportPlugin))), Clause(Atom(sbt.plugins.CorePlugin),Set(Atom(sbt.plugins.Giter8TemplatePlugin))), Clause(Atom(sbt.plugins.JvmPlugin),Set(Atom(sbt.plugins.MiniDependencyTreePlugin)))))
[debug]   :: deduced result: Matched(sbt.plugins.CorePlugin,sbt.plugins.Giter8TemplatePlugin,sbt.plugins.IvyPlugin,sbt.plugins.JvmPlugin,sbt.plugins.MiniDependencyTreePlugin,sbt.plugins.JUnitXmlReportPlugin,sbt.plugins.SemanticdbPlugin)
[debug] Plugins.deducer#function took 11.7846 ms
[debug]         Load.resolveProject(project) took 26.883ms
[debug]       Load.loadTransitive: finalizeProject(Project(id project, base: C:\Users\jfer0043\Downloads\fit2099\project, plugins: List(<none>))) took 55.881ms
[debug] [Loading] Done in C:\Users\jfer0043\Downloads\fit2099\project, returning: (project)
[debug]     Load.loadUnit: loadedProjectsRaw took 67.5091ms
[debug]     Load.loadUnit: cleanEvalClasses took 0.1307ms
[debug]   Load.loadUnit(file:/C:/Users/jfer0043/Downloads/fit2099/project/, ...) took 153.2137ms
[debug] Load.apply: load took 253.2974ms
[debug] Load.apply: resolveProjects took 4.3084ms
[debug] Load.apply: finalTransforms took 37.3532ms
[debug] Load.apply: config.delegates took 7.2358ms
[debug] Load.apply: Def.make(settings)... took 978.8017ms
[debug] Load.apply: structureIndex took 60.3738ms
[debug] Load.apply: mkStreams took 2.2776ms
[info] set current project to project (in build file:/C:/Users/jfer0043/Downloads/fit2099/project/)
[debug] > Exec(sbtPopOnFailure, None, None)
[debug] > Exec(resumeFromFailure, None, None)
[debug] > Exec(notifyUsersAboutShell, None, None)
[debug] > Exec(iflast shell, None, None)
[debug] > Exec(shell, None, None)
[info] sbt server started at local:sbt-server-8c0624ff734b782e89a8
[info] started sbt server
